<?xml version="1.0" encoding="UTF-8"?>
<!-- Generated by org.testng.reporters.JUnitReportReporter -->
<testsuite hostname="LAPTOP-6ABHP4CK" failures="0" tests="2" name="com.tutorialsninja.qa.testcases.SearchTest" time="17.931" errors="0" timestamp="2023-07-21T12:45:10 IST" skipped="0">
  <testcase classname="com.tutorialsninja.qa.testcases.SearchTest" name="verifySearchExistingProductName" time="9.195"/>
  <system-out/>
  <testcase classname="com.tutorialsninja.qa.testcases.SearchTest" name="verifyInvalidProductName" time="8.736"/>
  <system-out/>
</testsuite> <!-- com.tutorialsninja.qa.testcases.SearchTest -->
