<?xml version="1.0" encoding="UTF-8"?>
<!-- Generated by org.testng.reporters.JUnitReportReporter -->
<testsuite hostname="LAPTOP-6ABHP4CK" failures="0" tests="5" name="com.tutorialsninja.qa.testcases.LoginTest" time="46.813" errors="0" timestamp="2023-07-21T12:45:10 IST" skipped="0">
  <testcase classname="com.tutorialsninja.qa.testcases.LoginTest" name="ValidEmailandPassword" time="9.632"/>
  <system-out/>
  <testcase classname="com.tutorialsninja.qa.testcases.LoginTest" name="ValidEmailandPassword" time="9.313"/>
  <system-out/>
  <testcase classname="com.tutorialsninja.qa.testcases.LoginTest" name="ValidEmailandPassword" time="9.033"/>
  <system-out/>
  <testcase classname="com.tutorialsninja.qa.testcases.LoginTest" name="InValidEmailandPassword" time="9.363"/>
  <system-out/>
  <testcase classname="com.tutorialsninja.qa.testcases.LoginTest" name="InValidEmailandValidPassword" time="9.472"/>
  <system-out/>
</testsuite> <!-- com.tutorialsninja.qa.testcases.LoginTest -->
